Using pre-set license
Built from '2021.3/staging' branch; Version is '2021.3.21f1 (1b156197d683) revision 1774945'; Using compiler version '192829333'; Build Type 'Release'
OS: 'Windows 10  (10.0.19045) 64bit Professional' Language: 'en' Physical Memory: 65445 MB
BatchMode: 1, IsHumanControllingUs: 0, StartBugReporterOnCrash: 0, Is64bit: 1, IsPro: 1

COMMAND LINE ARGUMENTS:
D:\Unity\Hub\Editor\2021.3.21f1\Editor\Unity.exe
-adb2
-batchMode
-noUpm
-name
AssetImportWorker0
-projectPath
C:/Users/Alejandro/Desktop/New folder (15)/TiraPizzas Tarea 2
-logFile
Logs/AssetImportWorker0.log
-srvPort
57004
Successfully changed project path to: C:/Users/Alejandro/Desktop/New folder (15)/TiraPizzas Tarea 2
C:/Users/Alejandro/Desktop/New folder (15)/TiraPizzas Tarea 2
[UnityMemory] Configuration Parameters - Can be set up in boot.config
    "memorysetup-bucket-allocator-granularity=16"
    "memorysetup-bucket-allocator-bucket-count=8"
    "memorysetup-bucket-allocator-block-size=33554432"
    "memorysetup-bucket-allocator-block-count=8"
    "memorysetup-main-allocator-block-size=16777216"
    "memorysetup-thread-allocator-block-size=16777216"
    "memorysetup-gfx-main-allocator-block-size=16777216"
    "memorysetup-gfx-thread-allocator-block-size=16777216"
    "memorysetup-cache-allocator-block-size=4194304"
    "memorysetup-typetree-allocator-block-size=2097152"
    "memorysetup-profiler-bucket-allocator-granularity=16"
    "memorysetup-profiler-bucket-allocator-bucket-count=8"
    "memorysetup-profiler-bucket-allocator-block-size=33554432"
    "memorysetup-profiler-bucket-allocator-block-count=8"
    "memorysetup-profiler-allocator-block-size=16777216"
    "memorysetup-profiler-editor-allocator-block-size=1048576"
    "memorysetup-temp-allocator-size-main=16777216"
    "memorysetup-job-temp-allocator-block-size=2097152"
    "memorysetup-job-temp-allocator-block-size-background=1048576"
    "memorysetup-job-temp-allocator-reduction-small-platforms=262144"
    "memorysetup-temp-allocator-size-background-worker=32768"
    "memorysetup-temp-allocator-size-job-worker=262144"
    "memorysetup-temp-allocator-size-preload-manager=33554432"
    "memorysetup-temp-allocator-size-nav-mesh-worker=65536"
    "memorysetup-temp-allocator-size-audio-worker=65536"
    "memorysetup-temp-allocator-size-cloud-worker=32768"
    "memorysetup-temp-allocator-size-gi-baking-worker=262144"
    "memorysetup-temp-allocator-size-gfx=262144"
Player connection [51532] Host "[IP] 192.168.56.1 [Port] 0 [Flags] 2 [Guid] 2623358781 [EditorId] 2623358781 [Version] 1048832 [Id] WindowsEditor(7,DESKTOP-P3U0CPT) [Debug] 1 [PackageName] WindowsEditor [ProjectName] Editor" joined multi-casting on [225.0.0.222:54997]...

Player connection [51532] Host "[IP] 192.168.56.1 [Port] 0 [Flags] 2 [Guid] 2623358781 [EditorId] 2623358781 [Version] 1048832 [Id] WindowsEditor(7,DESKTOP-P3U0CPT) [Debug] 1 [PackageName] WindowsEditor [ProjectName] Editor" joined alternative multi-casting on [225.0.0.222:34997]...

Refreshing native plugins compatible for Editor in 60.31 ms, found 3 plugins.
Preloading 0 native plugins for Editor in 0.00 ms.
Initialize engine version: 2021.3.21f1 (1b156197d683)
[Subsystems] Discovering subsystems at path D:/Unity/Hub/Editor/2021.3.21f1/Editor/Data/Resources/UnitySubsystems
[Subsystems] Discovering subsystems at path C:/Users/Alejandro/Desktop/New folder (15)/TiraPizzas Tarea 2/Assets
GfxDevice: creating device client; threaded=0; jobified=0
Direct3D:
    Version:  Direct3D 11.0 [level 11.1]
    Renderer: NVIDIA GeForce RTX 3090 (ID=0x2204)
    Vendor:   NVIDIA
    VRAM:     24340 MB
    Driver:   31.0.15.3623
Initialize mono
Mono path[0] = 'D:/Unity/Hub/Editor/2021.3.21f1/Editor/Data/Managed'
Mono path[1] = 'D:/Unity/Hub/Editor/2021.3.21f1/Editor/Data/MonoBleedingEdge/lib/mono/unityjit-win32'
Mono config path = 'D:/Unity/Hub/Editor/2021.3.21f1/Editor/Data/MonoBleedingEdge/etc'
Using monoOptions --debugger-agent=transport=dt_socket,embedding=1,server=y,suspend=n,address=127.0.0.1:56488
Begin MonoManager ReloadAssembly
Registering precompiled unity dll's ...
Register platform support module: D:/Unity/Hub/Editor/2021.3.21f1/Editor/Data/PlaybackEngines/WebGLSupport/UnityEditor.WebGL.Extensions.dll
Register platform support module: D:/Unity/Hub/Editor/2021.3.21f1/Editor/Data/PlaybackEngines/AndroidPlayer/UnityEditor.Android.Extensions.dll
Register platform support module: D:/Unity/Hub/Editor/2021.3.21f1/Editor/Data/PlaybackEngines/WindowsStandaloneSupport/UnityEditor.WindowsStandalone.Extensions.dll
Registered in 0.003564 seconds.
Native extension for WindowsStandalone target not found
Native extension for Android target not found
Android Extension - Scanning For ADB Devices 276 ms
Native extension for WebGL target not found
Refreshing native plugins compatible for Editor in 56.52 ms, found 3 plugins.
Preloading 0 native plugins for Editor in 0.00 ms.
Mono: successfully reloaded assembly
- Completed reload, in  0.779 seconds
Domain Reload Profiling:
	ReloadAssembly (780ms)
		BeginReloadAssembly (73ms)
			ExecutionOrderSort (0ms)
			DisableScriptedObjects (0ms)
			BackupInstance (0ms)
			ReleaseScriptingObjects (0ms)
			CreateAndSetChildDomain (1ms)
		EndReloadAssembly (639ms)
			LoadAssemblies (74ms)
			RebuildTransferFunctionScriptingTraits (0ms)
			SetupTypeCache (77ms)
			ReleaseScriptCaches (0ms)
			RebuildScriptCaches (19ms)
			SetupLoadedEditorAssemblies (507ms)
				LogAssemblyErrors (0ms)
				InitializePlatformSupportModulesInManaged (346ms)
				SetLoadedEditorAssemblies (0ms)
				RefreshPlugins (57ms)
				BeforeProcessingInitializeOnLoad (1ms)
				ProcessInitializeOnLoadAttributes (69ms)
				ProcessInitializeOnLoadMethodAttributes (35ms)
				AfterProcessingInitializeOnLoad (0ms)
				EditorAssembliesLoaded (0ms)
			ExecutionOrderSort2 (0ms)
			AwakeInstancesAfterBackupRestoration (0ms)
Platform modules already initialized, skipping
Registering precompiled user dll's ...
Registered in 0.005197 seconds.
Begin MonoManager ReloadAssembly
Symbol file LoadedFromMemory doesn't match image C:\Users\Alejandro\Desktop\New folder (15)\TiraPizzas Tarea 2\Library\PackageCache\com.unity.visualscripting@1.8.0\Editor\VisualScripting.Core\Dependencies\YamlDotNet\Unity.VisualScripting.YamlDotNet.dll
Symbol file LoadedFromMemory doesn't match image C:\Users\Alejandro\Desktop\New folder (15)\TiraPizzas Tarea 2\Library\PackageCache\com.unity.visualscripting@1.8.0\Editor\VisualScripting.Core\Dependencies\DotNetZip\Unity.VisualScripting.IonicZip.dll
Native extension for WindowsStandalone target not found
Native extension for Android target not found
Native extension for WebGL target not found
Refreshing native plugins compatible for Editor in 0.53 ms, found 3 plugins.
Preloading 0 native plugins for Editor in 0.00 ms.
Mono: successfully reloaded assembly
- Completed reload, in  0.725 seconds
Domain Reload Profiling:
	ReloadAssembly (725ms)
		BeginReloadAssembly (100ms)
			ExecutionOrderSort (0ms)
			DisableScriptedObjects (5ms)
			BackupInstance (0ms)
			ReleaseScriptingObjects (0ms)
			CreateAndSetChildDomain (17ms)
		EndReloadAssembly (549ms)
			LoadAssemblies (78ms)
			RebuildTransferFunctionScriptingTraits (0ms)
			SetupTypeCache (182ms)
			ReleaseScriptCaches (0ms)
			RebuildScriptCaches (33ms)
			SetupLoadedEditorAssemblies (235ms)
				LogAssemblyErrors (0ms)
				InitializePlatformSupportModulesInManaged (13ms)
				SetLoadedEditorAssemblies (0ms)
				RefreshPlugins (1ms)
				BeforeProcessingInitializeOnLoad (56ms)
				ProcessInitializeOnLoadAttributes (150ms)
				ProcessInitializeOnLoadMethodAttributes (13ms)
				AfterProcessingInitializeOnLoad (3ms)
				EditorAssembliesLoaded (0ms)
			ExecutionOrderSort2 (0ms)
			AwakeInstancesAfterBackupRestoration (4ms)
Platform modules already initialized, skipping
========================================================================
Worker process is ready to serve import requests
Launched and connected shader compiler UnityShaderCompiler.exe after 0.04 seconds
Refreshing native plugins compatible for Editor in 0.53 ms, found 3 plugins.
Preloading 0 native plugins for Editor in 0.00 ms.
Unloading 3053 Unused Serialized files (Serialized files now loaded: 0)
Unloading 24 unused Assets / (113.7 KB). Loaded Objects now: 3516.
Memory consumption went from 108.1 MB to 107.9 MB.
Total: 3.221900 ms (FindLiveObjects: 0.253100 ms CreateObjectMapping: 0.150600 ms MarkObjects: 2.722600 ms  DeleteObjects: 0.094900 ms)

AssetImportParameters requested are different than current active one (requested -> active):
  custom:video-decoder-ogg-theora: a1e56fd34408186e4bbccfd4996cb3dc -> 
  custom:container-muxer-webm: aa71ff27fc2769a1b78a27578f13a17b -> 
  custom:container-demuxer-webm: 4f35f7cbe854078d1ac9338744f61a02 -> 
  custom:video-encoder-webm-vp8: eb34c28f22e8b96e1ab97ce403110664 -> 
  custom:audio-encoder-webm-vorbis: bf7c407c2cedff20999df2af8eb42d56 -> 
  custom:framework-win-MediaFoundation: 216162199b28c13a410421893ffa2e32 -> 
  custom:container-demuxer-ogg: 62fdf1f143b41e24485cea50d1cbac27 -> 
  custom:video-decoder-webm-vp8: 9c59270c3fd7afecdb556c50c9e8de78 -> 
  custom:audio-decoder-ogg-vorbis: bf7c407c2cedff20999df2af8eb42d56 -> 
========================================================================
Received Import Request.
  Time since last request: 133196.225993 seconds.
  path: Assets/Prefabs/Animal_Cow_Brown.prefab
  artifactKey: Guid(c3c3849c591b7f3418400a5e5e3fdb98) Importer(815301076,1909f56bfc062723c751e8b465ee728b)
Start importing Assets/Prefabs/Animal_Cow_Brown.prefab using Guid(c3c3849c591b7f3418400a5e5e3fdb98) Importer(815301076,1909f56bfc062723c751e8b465ee728b)  -> (artifact id: 'bc176a99d7669fb230690b33fa9b2414') in 0.113479 seconds 
========================================================================
Received Import Request.
  Time since last request: 4.053603 seconds.
  path: Assets/Prefabs/Animal_Cow_Brown.prefab
  artifactKey: Guid(c3c3849c591b7f3418400a5e5e3fdb98) Importer(815301076,1909f56bfc062723c751e8b465ee728b)
Start importing Assets/Prefabs/Animal_Cow_Brown.prefab using Guid(c3c3849c591b7f3418400a5e5e3fdb98) Importer(815301076,1909f56bfc062723c751e8b465ee728b)  -> (artifact id: '5bfe7da57b5dc307ffd7749f8a718b90') in 0.021772 seconds 
========================================================================
Received Import Request.
  Time since last request: 3.202244 seconds.
  path: Assets/Prefabs/Dog_BullDog_01.prefab
  artifactKey: Guid(782ffceb74ed3aa47a2a09261607aeb2) Importer(815301076,1909f56bfc062723c751e8b465ee728b)
Start importing Assets/Prefabs/Dog_BullDog_01.prefab using Guid(782ffceb74ed3aa47a2a09261607aeb2) Importer(815301076,1909f56bfc062723c751e8b465ee728b)  -> (artifact id: 'c9784e235b58f3f0219c9463f659e4a5') in 0.053401 seconds 
========================================================================
Received Import Request.
  Time since last request: 98.202474 seconds.
  path: Assets/Prefabs/Dog_BullDog_01.prefab
  artifactKey: Guid(782ffceb74ed3aa47a2a09261607aeb2) Importer(815301076,1909f56bfc062723c751e8b465ee728b)
Start importing Assets/Prefabs/Dog_BullDog_01.prefab using Guid(782ffceb74ed3aa47a2a09261607aeb2) Importer(815301076,1909f56bfc062723c751e8b465ee728b)  -> (artifact id: 'c620ea7a3e138fd8e5a1a959827c80c4') in 0.039481 seconds 
========================================================================
Received Import Request.
  Time since last request: 2.594091 seconds.
  path: Assets/Prefabs/Dog_BullDog_01.prefab
  artifactKey: Guid(782ffceb74ed3aa47a2a09261607aeb2) Importer(815301076,1909f56bfc062723c751e8b465ee728b)
Start importing Assets/Prefabs/Dog_BullDog_01.prefab using Guid(782ffceb74ed3aa47a2a09261607aeb2) Importer(815301076,1909f56bfc062723c751e8b465ee728b)  -> (artifact id: 'edb1f22dd978b9e611331bcfb6221e8d') in 0.024973 seconds 
========================================================================
Received Import Request.
  Time since last request: 2.572930 seconds.
  path: Assets/Prefabs/Dog_BullDog_01.prefab
  artifactKey: Guid(782ffceb74ed3aa47a2a09261607aeb2) Importer(815301076,1909f56bfc062723c751e8b465ee728b)
Start importing Assets/Prefabs/Dog_BullDog_01.prefab using Guid(782ffceb74ed3aa47a2a09261607aeb2) Importer(815301076,1909f56bfc062723c751e8b465ee728b)  -> (artifact id: '44f19beca0e2732bc7411da48aa7a6e8') in 0.025671 seconds 
========================================================================
Received Import Request.
  Time since last request: 48.523166 seconds.
  path: Assets/Prefabs/Animal_Chicken_White.prefab
  artifactKey: Guid(41f220b8ad33cc24c9fc5f31777b1ce4) Importer(815301076,1909f56bfc062723c751e8b465ee728b)
Start importing Assets/Prefabs/Animal_Chicken_White.prefab using Guid(41f220b8ad33cc24c9fc5f31777b1ce4) Importer(815301076,1909f56bfc062723c751e8b465ee728b)  -> (artifact id: 'cdb9caea796737a288e9132a01ac2e00') in 0.030032 seconds 
========================================================================
Received Import Request.
  Time since last request: 5.802784 seconds.
  path: Assets/Prefabs/Animal_Chicken_White.prefab
  artifactKey: Guid(41f220b8ad33cc24c9fc5f31777b1ce4) Importer(815301076,1909f56bfc062723c751e8b465ee728b)
Start importing Assets/Prefabs/Animal_Chicken_White.prefab using Guid(41f220b8ad33cc24c9fc5f31777b1ce4) Importer(815301076,1909f56bfc062723c751e8b465ee728b)  -> (artifact id: '59fa35e9924bee5daeb316f6a39a7762') in 0.010817 seconds 
========================================================================
Received Import Request.
  Time since last request: 22.946164 seconds.
  path: Assets/Prefabs/Animal_Cow_Brown.prefab
  artifactKey: Guid(c3c3849c591b7f3418400a5e5e3fdb98) Importer(815301076,1909f56bfc062723c751e8b465ee728b)
Start importing Assets/Prefabs/Animal_Cow_Brown.prefab using Guid(c3c3849c591b7f3418400a5e5e3fdb98) Importer(815301076,1909f56bfc062723c751e8b465ee728b)  -> (artifact id: '42990ad4ce285358db69b880ef81d959') in 0.011544 seconds 
========================================================================
Received Import Request.
  Time since last request: 16.057318 seconds.
  path: Assets/Prefabs/Animal_Cow_Brown.prefab
  artifactKey: Guid(c3c3849c591b7f3418400a5e5e3fdb98) Importer(815301076,1909f56bfc062723c751e8b465ee728b)
Start importing Assets/Prefabs/Animal_Cow_Brown.prefab using Guid(c3c3849c591b7f3418400a5e5e3fdb98) Importer(815301076,1909f56bfc062723c751e8b465ee728b)  -> (artifact id: '5888b6c259024f61d51ee1c1ad725f59') in 0.011169 seconds 
========================================================================
Received Import Request.
  Time since last request: 13.936419 seconds.
  path: Assets/Prefabs/Animal_Cow_Brown.prefab
  artifactKey: Guid(c3c3849c591b7f3418400a5e5e3fdb98) Importer(815301076,1909f56bfc062723c751e8b465ee728b)
Start importing Assets/Prefabs/Animal_Cow_Brown.prefab using Guid(c3c3849c591b7f3418400a5e5e3fdb98) Importer(815301076,1909f56bfc062723c751e8b465ee728b)  -> (artifact id: '3fbca80ce523197bb1b7a9b77ef1688b') in 0.013477 seconds 
========================================================================
Received Import Request.
  Time since last request: 28.051454 seconds.
  path: Assets/Prefabs/Animal_Cow_Brown.prefab
  artifactKey: Guid(c3c3849c591b7f3418400a5e5e3fdb98) Importer(815301076,1909f56bfc062723c751e8b465ee728b)
Start importing Assets/Prefabs/Animal_Cow_Brown.prefab using Guid(c3c3849c591b7f3418400a5e5e3fdb98) Importer(815301076,1909f56bfc062723c751e8b465ee728b)  -> (artifact id: '8064ddb97f93b9885850ca398669d160') in 0.020315 seconds 
========================================================================
Received Import Request.
  Time since last request: 8.800517 seconds.
  path: Assets/Prefabs/Animal_Cow_Brown.prefab
  artifactKey: Guid(c3c3849c591b7f3418400a5e5e3fdb98) Importer(815301076,1909f56bfc062723c751e8b465ee728b)
Start importing Assets/Prefabs/Animal_Cow_Brown.prefab using Guid(c3c3849c591b7f3418400a5e5e3fdb98) Importer(815301076,1909f56bfc062723c751e8b465ee728b)  -> (artifact id: 'd8b1470cd15b5c647022c721e43039ed') in 0.012790 seconds 
========================================================================
Received Import Request.
  Time since last request: 10.697376 seconds.
  path: Assets/Prefabs/Animal_Horse_Black.prefab
  artifactKey: Guid(ee575464518a68244ad528ea57b24898) Importer(815301076,1909f56bfc062723c751e8b465ee728b)
Start importing Assets/Prefabs/Animal_Horse_Black.prefab using Guid(ee575464518a68244ad528ea57b24898) Importer(815301076,1909f56bfc062723c751e8b465ee728b)  -> (artifact id: '3a5ef6fd7b85d15ccd8b5376d4d2b796') in 0.022454 seconds 
========================================================================
Received Import Request.
  Time since last request: 2.379923 seconds.
  path: Assets/Prefabs/Animal_Horse_Black.prefab
  artifactKey: Guid(ee575464518a68244ad528ea57b24898) Importer(815301076,1909f56bfc062723c751e8b465ee728b)
Start importing Assets/Prefabs/Animal_Horse_Black.prefab using Guid(ee575464518a68244ad528ea57b24898) Importer(815301076,1909f56bfc062723c751e8b465ee728b)  -> (artifact id: '12c54825c9d7d7056d45b124ea779e5e') in 0.014216 seconds 
========================================================================
Received Import Request.
  Time since last request: 2.243742 seconds.
  path: Assets/Prefabs/Animal_Horse_Black.prefab
  artifactKey: Guid(ee575464518a68244ad528ea57b24898) Importer(815301076,1909f56bfc062723c751e8b465ee728b)
Start importing Assets/Prefabs/Animal_Horse_Black.prefab using Guid(ee575464518a68244ad528ea57b24898) Importer(815301076,1909f56bfc062723c751e8b465ee728b)  -> (artifact id: '3115aabc69a95fcdecc00e5395477813') in 0.011002 seconds 
========================================================================
Received Import Request.
  Time since last request: 47.855951 seconds.
  path: Assets/Prefabs/Dog_BullDog_01.prefab
  artifactKey: Guid(782ffceb74ed3aa47a2a09261607aeb2) Importer(815301076,1909f56bfc062723c751e8b465ee728b)
Start importing Assets/Prefabs/Dog_BullDog_01.prefab using Guid(782ffceb74ed3aa47a2a09261607aeb2) Importer(815301076,1909f56bfc062723c751e8b465ee728b)  -> (artifact id: 'cb6a647b84c3625c2317d9f73bffeb11') in 0.027973 seconds 
========================================================================
Received Import Request.
  Time since last request: 6.800011 seconds.
  path: Assets/Prefabs/Dog_BullDog_01.prefab
  artifactKey: Guid(782ffceb74ed3aa47a2a09261607aeb2) Importer(815301076,1909f56bfc062723c751e8b465ee728b)
Start importing Assets/Prefabs/Dog_BullDog_01.prefab using Guid(782ffceb74ed3aa47a2a09261607aeb2) Importer(815301076,1909f56bfc062723c751e8b465ee728b)  -> (artifact id: '7704bcc3a3cab87b0cd166ec50bdf73c') in 0.027123 seconds 
========================================================================
Received Import Request.
  Time since last request: 2.191169 seconds.
  path: Assets/Prefabs/Dog_BullDog_01.prefab
  artifactKey: Guid(782ffceb74ed3aa47a2a09261607aeb2) Importer(815301076,1909f56bfc062723c751e8b465ee728b)
Start importing Assets/Prefabs/Dog_BullDog_01.prefab using Guid(782ffceb74ed3aa47a2a09261607aeb2) Importer(815301076,1909f56bfc062723c751e8b465ee728b)  -> (artifact id: 'bc5379941d7a9ac1d771a3324a50633c') in 0.026674 seconds 
========================================================================
Received Import Request.
  Time since last request: 1.977788 seconds.
  path: Assets/Prefabs/Dog_BullDog_01.prefab
  artifactKey: Guid(782ffceb74ed3aa47a2a09261607aeb2) Importer(815301076,1909f56bfc062723c751e8b465ee728b)
Start importing Assets/Prefabs/Dog_BullDog_01.prefab using Guid(782ffceb74ed3aa47a2a09261607aeb2) Importer(815301076,1909f56bfc062723c751e8b465ee728b)  -> (artifact id: '182e7577b3983cf6bd84fca1a2bdf4a0') in 0.025861 seconds 
========================================================================
Received Import Request.
  Time since last request: 4.605368 seconds.
  path: Assets/Prefabs/Dog_BullDog_01.prefab
  artifactKey: Guid(782ffceb74ed3aa47a2a09261607aeb2) Importer(815301076,1909f56bfc062723c751e8b465ee728b)
Start importing Assets/Prefabs/Dog_BullDog_01.prefab using Guid(782ffceb74ed3aa47a2a09261607aeb2) Importer(815301076,1909f56bfc062723c751e8b465ee728b)  -> (artifact id: '24e58cfa986a761078aab8e0dbbe9bf3') in 0.026092 seconds 
========================================================================
Received Import Request.
  Time since last request: 15.054701 seconds.
  path: Assets/Prefabs/Animal_Horse_Black.prefab
  artifactKey: Guid(ee575464518a68244ad528ea57b24898) Importer(815301076,1909f56bfc062723c751e8b465ee728b)
Start importing Assets/Prefabs/Animal_Horse_Black.prefab using Guid(ee575464518a68244ad528ea57b24898) Importer(815301076,1909f56bfc062723c751e8b465ee728b)  -> (artifact id: '39cdafb70ee14c5e1a7a44925c75061d') in 0.014460 seconds 
========================================================================
Received Import Request.
  Time since last request: 2.391248 seconds.
  path: Assets/Prefabs/Animal_Horse_Black.prefab
  artifactKey: Guid(ee575464518a68244ad528ea57b24898) Importer(815301076,1909f56bfc062723c751e8b465ee728b)
Start importing Assets/Prefabs/Animal_Horse_Black.prefab using Guid(ee575464518a68244ad528ea57b24898) Importer(815301076,1909f56bfc062723c751e8b465ee728b)  -> (artifact id: '122701c5dc63d22e17b66587caf40422') in 0.011295 seconds 
========================================================================
Received Import Request.
  Time since last request: 3.208770 seconds.
  path: Assets/Prefabs/Animal_Horse_Black.prefab
  artifactKey: Guid(ee575464518a68244ad528ea57b24898) Importer(815301076,1909f56bfc062723c751e8b465ee728b)
Start importing Assets/Prefabs/Animal_Horse_Black.prefab using Guid(ee575464518a68244ad528ea57b24898) Importer(815301076,1909f56bfc062723c751e8b465ee728b)  -> (artifact id: '5a5da27365b05d781dbc3353072a9c9d') in 0.011566 seconds 
========================================================================
Received Import Request.
  Time since last request: 6.821130 seconds.
  path: Assets/Prefabs/Animal_Horse_Black.prefab
  artifactKey: Guid(ee575464518a68244ad528ea57b24898) Importer(815301076,1909f56bfc062723c751e8b465ee728b)
Start importing Assets/Prefabs/Animal_Horse_Black.prefab using Guid(ee575464518a68244ad528ea57b24898) Importer(815301076,1909f56bfc062723c751e8b465ee728b)  -> (artifact id: 'd7e6ac15392bd4c178346b0e8ef92a7e') in 0.012098 seconds 
========================================================================
Received Import Request.
  Time since last request: 3.617033 seconds.
  path: Assets/Prefabs/Animal_Horse_Black.prefab
  artifactKey: Guid(ee575464518a68244ad528ea57b24898) Importer(815301076,1909f56bfc062723c751e8b465ee728b)
Start importing Assets/Prefabs/Animal_Horse_Black.prefab using Guid(ee575464518a68244ad528ea57b24898) Importer(815301076,1909f56bfc062723c751e8b465ee728b)  -> (artifact id: '574d7986c06312e314ad314518aff1f0') in 0.011498 seconds 
========================================================================
Received Import Request.
  Time since last request: 2.187079 seconds.
  path: Assets/Prefabs/Animal_Horse_Black.prefab
  artifactKey: Guid(ee575464518a68244ad528ea57b24898) Importer(815301076,1909f56bfc062723c751e8b465ee728b)
Start importing Assets/Prefabs/Animal_Horse_Black.prefab using Guid(ee575464518a68244ad528ea57b24898) Importer(815301076,1909f56bfc062723c751e8b465ee728b)  -> (artifact id: '3a2b0c3e420a7a422b08367b6a439150') in 0.014301 seconds 
========================================================================
Received Import Request.
  Time since last request: 2.599996 seconds.
  path: Assets/Prefabs/Animal_Horse_Black.prefab
  artifactKey: Guid(ee575464518a68244ad528ea57b24898) Importer(815301076,1909f56bfc062723c751e8b465ee728b)
Start importing Assets/Prefabs/Animal_Horse_Black.prefab using Guid(ee575464518a68244ad528ea57b24898) Importer(815301076,1909f56bfc062723c751e8b465ee728b)  -> (artifact id: '9c084b0491179267e017c04b9d3c3e4f') in 0.023922 seconds 
========================================================================
Received Import Request.
  Time since last request: 2.187083 seconds.
  path: Assets/Prefabs/Animal_Horse_Black.prefab
  artifactKey: Guid(ee575464518a68244ad528ea57b24898) Importer(815301076,1909f56bfc062723c751e8b465ee728b)
Start importing Assets/Prefabs/Animal_Horse_Black.prefab using Guid(ee575464518a68244ad528ea57b24898) Importer(815301076,1909f56bfc062723c751e8b465ee728b)  -> (artifact id: '89b23d638f00eea8e18c41ffe1b1a8e1') in 0.032584 seconds 
========================================================================
Received Import Request.
  Time since last request: 6.399774 seconds.
  path: Assets/Prefabs/Animal_Horse_Black.prefab
  artifactKey: Guid(ee575464518a68244ad528ea57b24898) Importer(815301076,1909f56bfc062723c751e8b465ee728b)
Start importing Assets/Prefabs/Animal_Horse_Black.prefab using Guid(ee575464518a68244ad528ea57b24898) Importer(815301076,1909f56bfc062723c751e8b465ee728b)  -> (artifact id: 'b3c98d76cf4fec4020905d2fb30083d3') in 0.011197 seconds 
========================================================================
Received Import Request.
  Time since last request: 22.873594 seconds.
  path: Assets/Prefabs/Animal_Cow_Brown.prefab
  artifactKey: Guid(c3c3849c591b7f3418400a5e5e3fdb98) Importer(815301076,1909f56bfc062723c751e8b465ee728b)
Start importing Assets/Prefabs/Animal_Cow_Brown.prefab using Guid(c3c3849c591b7f3418400a5e5e3fdb98) Importer(815301076,1909f56bfc062723c751e8b465ee728b)  -> (artifact id: '6cb06dd1ff9a8a10b4bec20b38394442') in 0.011087 seconds 
========================================================================
Received Import Request.
  Time since last request: 4.808606 seconds.
  path: Assets/Prefabs/Animal_Cow_Brown.prefab
  artifactKey: Guid(c3c3849c591b7f3418400a5e5e3fdb98) Importer(815301076,1909f56bfc062723c751e8b465ee728b)
Start importing Assets/Prefabs/Animal_Cow_Brown.prefab using Guid(c3c3849c591b7f3418400a5e5e3fdb98) Importer(815301076,1909f56bfc062723c751e8b465ee728b)  -> (artifact id: '4f4aaa670b99627e763684f91cf21a52') in 0.015548 seconds 
========================================================================
Received Import Request.
  Time since last request: 6.556363 seconds.
  path: Assets/Prefabs/Animal_Cow_Brown.prefab
  artifactKey: Guid(c3c3849c591b7f3418400a5e5e3fdb98) Importer(815301076,1909f56bfc062723c751e8b465ee728b)
Start importing Assets/Prefabs/Animal_Cow_Brown.prefab using Guid(c3c3849c591b7f3418400a5e5e3fdb98) Importer(815301076,1909f56bfc062723c751e8b465ee728b)  -> (artifact id: 'd00d712cb6aea773fe7b094242161c10') in 0.014952 seconds 
========================================================================
Received Import Request.
  Time since last request: 8.802678 seconds.
  path: Assets/Prefabs/Animal_Chicken_White.prefab
  artifactKey: Guid(41f220b8ad33cc24c9fc5f31777b1ce4) Importer(815301076,1909f56bfc062723c751e8b465ee728b)
Start importing Assets/Prefabs/Animal_Chicken_White.prefab using Guid(41f220b8ad33cc24c9fc5f31777b1ce4) Importer(815301076,1909f56bfc062723c751e8b465ee728b)  -> (artifact id: '2e8c84850ea1f91df9ec96566f8f774a') in 0.010449 seconds 
========================================================================
Received Import Request.
  Time since last request: 2.799789 seconds.
  path: Assets/Prefabs/Animal_Chicken_White.prefab
  artifactKey: Guid(41f220b8ad33cc24c9fc5f31777b1ce4) Importer(815301076,1909f56bfc062723c751e8b465ee728b)
Start importing Assets/Prefabs/Animal_Chicken_White.prefab using Guid(41f220b8ad33cc24c9fc5f31777b1ce4) Importer(815301076,1909f56bfc062723c751e8b465ee728b)  -> (artifact id: 'a08e3efaa17df900c0b6be45569e8ec9') in 0.010837 seconds 
========================================================================
Received Import Request.
  Time since last request: 3.005681 seconds.
  path: Assets/Prefabs/Animal_Chicken_White.prefab
  artifactKey: Guid(41f220b8ad33cc24c9fc5f31777b1ce4) Importer(815301076,1909f56bfc062723c751e8b465ee728b)
Start importing Assets/Prefabs/Animal_Chicken_White.prefab using Guid(41f220b8ad33cc24c9fc5f31777b1ce4) Importer(815301076,1909f56bfc062723c751e8b465ee728b)  -> (artifact id: 'f4f74064470cd4966fed045ba0811f8a') in 0.010703 seconds 
========================================================================
Received Import Request.
  Time since last request: 2.203791 seconds.
  path: Assets/Prefabs/Animal_Chicken_White.prefab
  artifactKey: Guid(41f220b8ad33cc24c9fc5f31777b1ce4) Importer(815301076,1909f56bfc062723c751e8b465ee728b)
Start importing Assets/Prefabs/Animal_Chicken_White.prefab using Guid(41f220b8ad33cc24c9fc5f31777b1ce4) Importer(815301076,1909f56bfc062723c751e8b465ee728b)  -> (artifact id: 'b6ac82cb72c8e407da8f1373fea10ef2') in 0.011392 seconds 
========================================================================
Received Import Request.
  Time since last request: 2.999738 seconds.
  path: Assets/Prefabs/Animal_Chicken_White.prefab
  artifactKey: Guid(41f220b8ad33cc24c9fc5f31777b1ce4) Importer(815301076,1909f56bfc062723c751e8b465ee728b)
Start importing Assets/Prefabs/Animal_Chicken_White.prefab using Guid(41f220b8ad33cc24c9fc5f31777b1ce4) Importer(815301076,1909f56bfc062723c751e8b465ee728b)  -> (artifact id: '439427f210ab346e06db83d45d9db687') in 0.011262 seconds 
========================================================================
Received Import Request.
  Time since last request: 3.400622 seconds.
  path: Assets/Prefabs/Animal_Chicken_White.prefab
  artifactKey: Guid(41f220b8ad33cc24c9fc5f31777b1ce4) Importer(815301076,1909f56bfc062723c751e8b465ee728b)
Start importing Assets/Prefabs/Animal_Chicken_White.prefab using Guid(41f220b8ad33cc24c9fc5f31777b1ce4) Importer(815301076,1909f56bfc062723c751e8b465ee728b)  -> (artifact id: 'ba390aea9a9408593f42b08531fb058c') in 0.012290 seconds 
========================================================================
Received Import Request.
  Time since last request: 2.027106 seconds.
  path: Assets/Prefabs/Animal_Chicken_White.prefab
  artifactKey: Guid(41f220b8ad33cc24c9fc5f31777b1ce4) Importer(815301076,1909f56bfc062723c751e8b465ee728b)
Start importing Assets/Prefabs/Animal_Chicken_White.prefab using Guid(41f220b8ad33cc24c9fc5f31777b1ce4) Importer(815301076,1909f56bfc062723c751e8b465ee728b)  -> (artifact id: 'be85f1e15c2a347fc6f1a9d859b93102') in 0.018345 seconds 
========================================================================
Received Import Request.
  Time since last request: 19.779671 seconds.
  path: Assets/Prefabs/Animal_Chicken_White.prefab
  artifactKey: Guid(41f220b8ad33cc24c9fc5f31777b1ce4) Importer(815301076,1909f56bfc062723c751e8b465ee728b)
Start importing Assets/Prefabs/Animal_Chicken_White.prefab using Guid(41f220b8ad33cc24c9fc5f31777b1ce4) Importer(815301076,1909f56bfc062723c751e8b465ee728b)  -> (artifact id: '3c9c664382ae4f9ade418f93ab4b7b15') in 0.026241 seconds 
========================================================================
Received Import Request.
  Time since last request: 2.418143 seconds.
  path: Assets/Prefabs/Animal_Cow_Brown.prefab
  artifactKey: Guid(c3c3849c591b7f3418400a5e5e3fdb98) Importer(815301076,1909f56bfc062723c751e8b465ee728b)
Start importing Assets/Prefabs/Animal_Cow_Brown.prefab using Guid(c3c3849c591b7f3418400a5e5e3fdb98) Importer(815301076,1909f56bfc062723c751e8b465ee728b)  -> (artifact id: '6689d6e74e7b9504c226c3a75e87ff73') in 0.011710 seconds 
========================================================================
Received Import Request.
  Time since last request: 2.185364 seconds.
  path: Assets/Prefabs/Animal_Horse_Black.prefab
  artifactKey: Guid(ee575464518a68244ad528ea57b24898) Importer(815301076,1909f56bfc062723c751e8b465ee728b)
Start importing Assets/Prefabs/Animal_Horse_Black.prefab using Guid(ee575464518a68244ad528ea57b24898) Importer(815301076,1909f56bfc062723c751e8b465ee728b)  -> (artifact id: '2079af843ab06e71576279143ed0c497') in 0.012642 seconds 
========================================================================
Received Import Request.
  Time since last request: 1.807265 seconds.
  path: Assets/Prefabs/Dog_BullDog_01.prefab
  artifactKey: Guid(782ffceb74ed3aa47a2a09261607aeb2) Importer(815301076,1909f56bfc062723c751e8b465ee728b)
Start importing Assets/Prefabs/Dog_BullDog_01.prefab using Guid(782ffceb74ed3aa47a2a09261607aeb2) Importer(815301076,1909f56bfc062723c751e8b465ee728b)  -> (artifact id: '4212a20a88fa488d8f9542b643f122ae') in 0.026663 seconds 
========================================================================
Received Import Request.
  Time since last request: 29.519030 seconds.
  path: Assets/Prefabs/Food_Cookie_01.prefab
  artifactKey: Guid(6177347e3c20c8c44ba2b0b58e3e3882) Importer(815301076,1909f56bfc062723c751e8b465ee728b)
Start importing Assets/Prefabs/Food_Cookie_01.prefab using Guid(6177347e3c20c8c44ba2b0b58e3e3882) Importer(815301076,1909f56bfc062723c751e8b465ee728b)  -> (artifact id: 'e712da3d7dfb30edf984b2cc60417fe7') in 0.018198 seconds 
========================================================================
Received Import Request.
  Time since last request: 11.230798 seconds.
  path: Assets/Prefabs/Food_Pizza_01.prefab
  artifactKey: Guid(f1de0ff82c36c6246adc396b3769d0ad) Importer(815301076,1909f56bfc062723c751e8b465ee728b)
Start importing Assets/Prefabs/Food_Pizza_01.prefab using Guid(f1de0ff82c36c6246adc396b3769d0ad) Importer(815301076,1909f56bfc062723c751e8b465ee728b)  -> (artifact id: '86f874030f2d8fffacf45e988c899ca1') in 0.012685 seconds 
========================================================================
Received Import Request.
  Time since last request: 12.135725 seconds.
  path: Assets/Prefabs/Food_Cookie_01.prefab
  artifactKey: Guid(6177347e3c20c8c44ba2b0b58e3e3882) Importer(815301076,1909f56bfc062723c751e8b465ee728b)
Start importing Assets/Prefabs/Food_Cookie_01.prefab using Guid(6177347e3c20c8c44ba2b0b58e3e3882) Importer(815301076,1909f56bfc062723c751e8b465ee728b)  -> (artifact id: '8ecd978b0d806fa6a3f146a006983c04') in 0.014352 seconds 
========================================================================
Received Import Request.
  Time since last request: 6.732759 seconds.
  path: Assets/Prefabs/Food_Pizza_01.prefab
  artifactKey: Guid(f1de0ff82c36c6246adc396b3769d0ad) Importer(815301076,1909f56bfc062723c751e8b465ee728b)
Start importing Assets/Prefabs/Food_Pizza_01.prefab using Guid(f1de0ff82c36c6246adc396b3769d0ad) Importer(815301076,1909f56bfc062723c751e8b465ee728b)  -> (artifact id: 'bd0cdce4235151d804b4747522587463') in 0.015068 seconds 
========================================================================
Received Import Request.
  Time since last request: 72.816896 seconds.
  path: Assets/Prefabs/Animal_Chicken_White.prefab
  artifactKey: Guid(41f220b8ad33cc24c9fc5f31777b1ce4) Importer(815301076,1909f56bfc062723c751e8b465ee728b)
Start importing Assets/Prefabs/Animal_Chicken_White.prefab using Guid(41f220b8ad33cc24c9fc5f31777b1ce4) Importer(815301076,1909f56bfc062723c751e8b465ee728b)  -> (artifact id: '36e5582e1fad43751ea3a12fdd50e734') in 0.018628 seconds 
========================================================================
Received Import Request.
  Time since last request: 1.476836 seconds.
  path: Assets/Prefabs/Animal_Chicken_White.prefab
  artifactKey: Guid(41f220b8ad33cc24c9fc5f31777b1ce4) Importer(815301076,1909f56bfc062723c751e8b465ee728b)
Start importing Assets/Prefabs/Animal_Chicken_White.prefab using Guid(41f220b8ad33cc24c9fc5f31777b1ce4) Importer(815301076,1909f56bfc062723c751e8b465ee728b)  -> (artifact id: 'b7f741532b0c9ff8dfa302b4e3869884') in 0.021481 seconds 
========================================================================
Received Import Request.
  Time since last request: 4.772787 seconds.
  path: Assets/Prefabs/Animal_Cow_Brown.prefab
  artifactKey: Guid(c3c3849c591b7f3418400a5e5e3fdb98) Importer(815301076,1909f56bfc062723c751e8b465ee728b)
Start importing Assets/Prefabs/Animal_Cow_Brown.prefab using Guid(c3c3849c591b7f3418400a5e5e3fdb98) Importer(815301076,1909f56bfc062723c751e8b465ee728b)  -> (artifact id: 'cbb0aed4388d27c3a1f9f593ee269516') in 0.013669 seconds 
========================================================================
Received Import Request.
  Time since last request: 1.486609 seconds.
  path: Assets/Prefabs/Animal_Cow_Brown.prefab
  artifactKey: Guid(c3c3849c591b7f3418400a5e5e3fdb98) Importer(815301076,1909f56bfc062723c751e8b465ee728b)
Start importing Assets/Prefabs/Animal_Cow_Brown.prefab using Guid(c3c3849c591b7f3418400a5e5e3fdb98) Importer(815301076,1909f56bfc062723c751e8b465ee728b)  -> (artifact id: '28922a39be282f2479252ca22c8e4fde') in 0.013264 seconds 
========================================================================
Received Import Request.
  Time since last request: 5.380205 seconds.
  path: Assets/Prefabs/Animal_Horse_Black.prefab
  artifactKey: Guid(ee575464518a68244ad528ea57b24898) Importer(815301076,1909f56bfc062723c751e8b465ee728b)
Start importing Assets/Prefabs/Animal_Horse_Black.prefab using Guid(ee575464518a68244ad528ea57b24898) Importer(815301076,1909f56bfc062723c751e8b465ee728b)  -> (artifact id: 'faa1c7485b301bc1eaa8a8613a010115') in 0.038993 seconds 
========================================================================
Received Import Request.
  Time since last request: 0.848581 seconds.
  path: Assets/Prefabs/Animal_Horse_Black.prefab
  artifactKey: Guid(ee575464518a68244ad528ea57b24898) Importer(815301076,1909f56bfc062723c751e8b465ee728b)
Start importing Assets/Prefabs/Animal_Horse_Black.prefab using Guid(ee575464518a68244ad528ea57b24898) Importer(815301076,1909f56bfc062723c751e8b465ee728b)  -> (artifact id: 'bd4c865d1d72fbc37223400476b6a4f5') in 0.038681 seconds 
========================================================================
Received Import Request.
  Time since last request: 4.445287 seconds.
  path: Assets/Prefabs/Dog_BullDog_01.prefab
  artifactKey: Guid(782ffceb74ed3aa47a2a09261607aeb2) Importer(815301076,1909f56bfc062723c751e8b465ee728b)
Start importing Assets/Prefabs/Dog_BullDog_01.prefab using Guid(782ffceb74ed3aa47a2a09261607aeb2) Importer(815301076,1909f56bfc062723c751e8b465ee728b)  -> (artifact id: '54ab927a6afc6d8d1806561ea53b116c') in 0.034405 seconds 
========================================================================
Received Import Request.
  Time since last request: 1.058583 seconds.
  path: Assets/Prefabs/Dog_BullDog_01.prefab
  artifactKey: Guid(782ffceb74ed3aa47a2a09261607aeb2) Importer(815301076,1909f56bfc062723c751e8b465ee728b)
Start importing Assets/Prefabs/Dog_BullDog_01.prefab using Guid(782ffceb74ed3aa47a2a09261607aeb2) Importer(815301076,1909f56bfc062723c751e8b465ee728b)  -> (artifact id: '95c95df93a29ce02b73de3da54829976') in 0.027685 seconds 
========================================================================
Received Import Request.
  Time since last request: 34.994452 seconds.
  path: Assets/Prefabs/Food_Cookie_01.prefab
  artifactKey: Guid(6177347e3c20c8c44ba2b0b58e3e3882) Importer(815301076,1909f56bfc062723c751e8b465ee728b)
Start importing Assets/Prefabs/Food_Cookie_01.prefab using Guid(6177347e3c20c8c44ba2b0b58e3e3882) Importer(815301076,1909f56bfc062723c751e8b465ee728b)  -> (artifact id: '869ff7c0de79776e7b263fa12d1bbb83') in 0.008137 seconds 
========================================================================
Received Import Request.
  Time since last request: 1.096626 seconds.
  path: Assets/Prefabs/Food_Cookie_01.prefab
  artifactKey: Guid(6177347e3c20c8c44ba2b0b58e3e3882) Importer(815301076,1909f56bfc062723c751e8b465ee728b)
Start importing Assets/Prefabs/Food_Cookie_01.prefab using Guid(6177347e3c20c8c44ba2b0b58e3e3882) Importer(815301076,1909f56bfc062723c751e8b465ee728b)  -> (artifact id: '093a4cbebaaaee05d9b4f7cdb593a47c') in 0.009218 seconds 
========================================================================
Received Import Request.
  Time since last request: 2.844117 seconds.
  path: Assets/Prefabs/Food_Pizza_01.prefab
  artifactKey: Guid(f1de0ff82c36c6246adc396b3769d0ad) Importer(815301076,1909f56bfc062723c751e8b465ee728b)
Start importing Assets/Prefabs/Food_Pizza_01.prefab using Guid(f1de0ff82c36c6246adc396b3769d0ad) Importer(815301076,1909f56bfc062723c751e8b465ee728b)  -> (artifact id: 'edc2943d698526b3bc4eac243b56c8ad') in 0.018831 seconds 
========================================================================
Received Import Request.
  Time since last request: 1.076135 seconds.
  path: Assets/Prefabs/Food_Pizza_01.prefab
  artifactKey: Guid(f1de0ff82c36c6246adc396b3769d0ad) Importer(815301076,1909f56bfc062723c751e8b465ee728b)
Start importing Assets/Prefabs/Food_Pizza_01.prefab using Guid(f1de0ff82c36c6246adc396b3769d0ad) Importer(815301076,1909f56bfc062723c751e8b465ee728b)  -> (artifact id: 'd5c372bec6370b54a1da5ff165401460') in 0.014825 seconds 
========================================================================
Received Prepare
Registering precompiled user dll's ...
Registered in 0.005940 seconds.
Begin MonoManager ReloadAssembly
Symbol file LoadedFromMemory doesn't match image C:\Users\Alejandro\Desktop\New folder (15)\TiraPizzas Tarea 2\Library\PackageCache\com.unity.visualscripting@1.8.0\Editor\VisualScripting.Core\Dependencies\YamlDotNet\Unity.VisualScripting.YamlDotNet.dll
Symbol file LoadedFromMemory doesn't match image C:\Users\Alejandro\Desktop\New folder (15)\TiraPizzas Tarea 2\Library\PackageCache\com.unity.visualscripting@1.8.0\Editor\VisualScripting.Core\Dependencies\DotNetZip\Unity.VisualScripting.IonicZip.dll
Native extension for WindowsStandalone target not found
Native extension for Android target not found
Native extension for WebGL target not found
Refreshing native plugins compatible for Editor in 0.79 ms, found 3 plugins.
Preloading 0 native plugins for Editor in 0.00 ms.
Mono: successfully reloaded assembly
- Completed reload, in  0.728 seconds
Domain Reload Profiling:
	ReloadAssembly (728ms)
		BeginReloadAssembly (136ms)
			ExecutionOrderSort (0ms)
			DisableScriptedObjects (4ms)
			BackupInstance (0ms)
			ReleaseScriptingObjects (0ms)
			CreateAndSetChildDomain (31ms)
		EndReloadAssembly (523ms)
			LoadAssemblies (94ms)
			RebuildTransferFunctionScriptingTraits (0ms)
			SetupTypeCache (181ms)
			ReleaseScriptCaches (1ms)
			RebuildScriptCaches (27ms)
			SetupLoadedEditorAssemblies (208ms)
				LogAssemblyErrors (0ms)
				InitializePlatformSupportModulesInManaged (14ms)
				SetLoadedEditorAssemblies (0ms)
				RefreshPlugins (1ms)
				BeforeProcessingInitializeOnLoad (44ms)
				ProcessInitializeOnLoadAttributes (133ms)
				ProcessInitializeOnLoadMethodAttributes (13ms)
				AfterProcessingInitializeOnLoad (2ms)
				EditorAssembliesLoaded (0ms)
			ExecutionOrderSort2 (0ms)
			AwakeInstancesAfterBackupRestoration (4ms)
Platform modules already initialized, skipping
Refreshing native plugins compatible for Editor in 1.59 ms, found 3 plugins.
Preloading 0 native plugins for Editor in 0.00 ms.
Unloading 3048 Unused Serialized files (Serialized files now loaded: 0)
Unloading 17 unused Assets / (80.2 KB). Loaded Objects now: 3528.
Memory consumption went from 125.6 MB to 125.5 MB.
Total: 2.478800 ms (FindLiveObjects: 0.182800 ms CreateObjectMapping: 0.057800 ms MarkObjects: 2.154900 ms  DeleteObjects: 0.082200 ms)

AssetImportParameters requested are different than current active one (requested -> active):
  custom:video-decoder-ogg-theora: a1e56fd34408186e4bbccfd4996cb3dc -> 
  custom:container-muxer-webm: aa71ff27fc2769a1b78a27578f13a17b -> 
  custom:container-demuxer-webm: 4f35f7cbe854078d1ac9338744f61a02 -> 
  custom:video-encoder-webm-vp8: eb34c28f22e8b96e1ab97ce403110664 -> 
  custom:audio-encoder-webm-vorbis: bf7c407c2cedff20999df2af8eb42d56 -> 
  custom:framework-win-MediaFoundation: 216162199b28c13a410421893ffa2e32 -> 
  custom:container-demuxer-ogg: 62fdf1f143b41e24485cea50d1cbac27 -> 
  custom:video-decoder-webm-vp8: 9c59270c3fd7afecdb556c50c9e8de78 -> 
  custom:audio-decoder-ogg-vorbis: bf7c407c2cedff20999df2af8eb42d56 -> 
========================================================================
Received Import Request.
  Time since last request: 312.254722 seconds.
  path: Assets/Scripts/DetectorColisiones.cs
  artifactKey: Guid(c1a2e43836fb9fb4a9f91ce4bc35fe45) Importer(815301076,1909f56bfc062723c751e8b465ee728b)
Start importing Assets/Scripts/DetectorColisiones.cs using Guid(c1a2e43836fb9fb4a9f91ce4bc35fe45) Importer(815301076,1909f56bfc062723c751e8b465ee728b)  -> (artifact id: '69298314870abb0dc9ab3c14f0c41382') in 0.019640 seconds 
========================================================================
Received Import Request.
  Time since last request: 40.452910 seconds.
  path: Assets/Prefabs/Food_Cookie_01.prefab
  artifactKey: Guid(6177347e3c20c8c44ba2b0b58e3e3882) Importer(815301076,1909f56bfc062723c751e8b465ee728b)
Start importing Assets/Prefabs/Food_Cookie_01.prefab using Guid(6177347e3c20c8c44ba2b0b58e3e3882) Importer(815301076,1909f56bfc062723c751e8b465ee728b)  -> (artifact id: 'e7025e798118dfada72fe825316afab0') in 0.058395 seconds 
========================================================================
Received Prepare
Registering precompiled user dll's ...
Registered in 0.005576 seconds.
Begin MonoManager ReloadAssembly
Symbol file LoadedFromMemory doesn't match image C:\Users\Alejandro\Desktop\New folder (15)\TiraPizzas Tarea 2\Library\PackageCache\com.unity.visualscripting@1.8.0\Editor\VisualScripting.Core\Dependencies\YamlDotNet\Unity.VisualScripting.YamlDotNet.dll
Symbol file LoadedFromMemory doesn't match image C:\Users\Alejandro\Desktop\New folder (15)\TiraPizzas Tarea 2\Library\PackageCache\com.unity.visualscripting@1.8.0\Editor\VisualScripting.Core\Dependencies\DotNetZip\Unity.VisualScripting.IonicZip.dll
Native extension for WindowsStandalone target not found
Native extension for Android target not found
Native extension for WebGL target not found
Refreshing native plugins compatible for Editor in 0.53 ms, found 3 plugins.
Preloading 0 native plugins for Editor in 0.00 ms.
Mono: successfully reloaded assembly
- Completed reload, in  0.723 seconds
Domain Reload Profiling:
	ReloadAssembly (723ms)
		BeginReloadAssembly (125ms)
			ExecutionOrderSort (0ms)
			DisableScriptedObjects (4ms)
			BackupInstance (0ms)
			ReleaseScriptingObjects (0ms)
			CreateAndSetChildDomain (28ms)
		EndReloadAssembly (531ms)
			LoadAssemblies (89ms)
			RebuildTransferFunctionScriptingTraits (0ms)
			SetupTypeCache (183ms)
			ReleaseScriptCaches (1ms)
			RebuildScriptCaches (28ms)
			SetupLoadedEditorAssemblies (207ms)
				LogAssemblyErrors (0ms)
				InitializePlatformSupportModulesInManaged (14ms)
				SetLoadedEditorAssemblies (0ms)
				RefreshPlugins (1ms)
				BeforeProcessingInitializeOnLoad (44ms)
				ProcessInitializeOnLoadAttributes (132ms)
				ProcessInitializeOnLoadMethodAttributes (14ms)
				AfterProcessingInitializeOnLoad (3ms)
				EditorAssembliesLoaded (0ms)
			ExecutionOrderSort2 (0ms)
			AwakeInstancesAfterBackupRestoration (4ms)
Platform modules already initialized, skipping
Refreshing native plugins compatible for Editor in 2.00 ms, found 3 plugins.
Preloading 0 native plugins for Editor in 0.00 ms.
Unloading 3048 Unused Serialized files (Serialized files now loaded: 0)
Unloading 17 unused Assets / (80.3 KB). Loaded Objects now: 3531.
Memory consumption went from 125.6 MB to 125.5 MB.
Total: 2.396100 ms (FindLiveObjects: 0.226300 ms CreateObjectMapping: 0.060300 ms MarkObjects: 2.034900 ms  DeleteObjects: 0.074000 ms)

AssetImportParameters requested are different than current active one (requested -> active):
  custom:video-decoder-ogg-theora: a1e56fd34408186e4bbccfd4996cb3dc -> 
  custom:container-muxer-webm: aa71ff27fc2769a1b78a27578f13a17b -> 
  custom:container-demuxer-webm: 4f35f7cbe854078d1ac9338744f61a02 -> 
  custom:video-encoder-webm-vp8: eb34c28f22e8b96e1ab97ce403110664 -> 
  custom:audio-encoder-webm-vorbis: bf7c407c2cedff20999df2af8eb42d56 -> 
  custom:framework-win-MediaFoundation: 216162199b28c13a410421893ffa2e32 -> 
  custom:container-demuxer-ogg: 62fdf1f143b41e24485cea50d1cbac27 -> 
  custom:video-decoder-webm-vp8: 9c59270c3fd7afecdb556c50c9e8de78 -> 
  custom:audio-decoder-ogg-vorbis: bf7c407c2cedff20999df2af8eb42d56 -> 
========================================================================
Received Import Request.
  Time since last request: 35.315655 seconds.
  path: Assets/Prefabs/Animal_Chicken_White.prefab
  artifactKey: Guid(41f220b8ad33cc24c9fc5f31777b1ce4) Importer(815301076,1909f56bfc062723c751e8b465ee728b)
Start importing Assets/Prefabs/Animal_Chicken_White.prefab using Guid(41f220b8ad33cc24c9fc5f31777b1ce4) Importer(815301076,1909f56bfc062723c751e8b465ee728b)  -> (artifact id: '511b0bc6dbe7b7ed866d6cbeb83e59aa') in 0.063491 seconds 
========================================================================
Received Import Request.
  Time since last request: 0.000016 seconds.
  path: Assets/Prefabs/Animal_Horse_Black.prefab
  artifactKey: Guid(ee575464518a68244ad528ea57b24898) Importer(815301076,1909f56bfc062723c751e8b465ee728b)
Start importing Assets/Prefabs/Animal_Horse_Black.prefab using Guid(ee575464518a68244ad528ea57b24898) Importer(815301076,1909f56bfc062723c751e8b465ee728b)  -> (artifact id: 'bb158f007939b72cb8dddd9382d44e19') in 0.013907 seconds 
========================================================================
Received Import Request.
  Time since last request: 0.000018 seconds.
  path: Assets/Prefabs/Dog_BullDog_01.prefab
  artifactKey: Guid(782ffceb74ed3aa47a2a09261607aeb2) Importer(815301076,1909f56bfc062723c751e8b465ee728b)
Start importing Assets/Prefabs/Dog_BullDog_01.prefab using Guid(782ffceb74ed3aa47a2a09261607aeb2) Importer(815301076,1909f56bfc062723c751e8b465ee728b)  -> (artifact id: 'f84a1d129f69c88cc9cbfb84528ced17') in 0.029801 seconds 
========================================================================
Received Import Request.
  Time since last request: 10.925217 seconds.
  path: Assets/Prefabs/Animal_Cow_Brown.prefab
  artifactKey: Guid(c3c3849c591b7f3418400a5e5e3fdb98) Importer(815301076,1909f56bfc062723c751e8b465ee728b)
Start importing Assets/Prefabs/Animal_Cow_Brown.prefab using Guid(c3c3849c591b7f3418400a5e5e3fdb98) Importer(815301076,1909f56bfc062723c751e8b465ee728b)  -> (artifact id: 'e140a014d79ab9761541099e1e1db2c5') in 0.030941 seconds 
========================================================================
Received Import Request.
  Time since last request: 0.000018 seconds.
  path: Assets/Prefabs/Dog_BullDog_01.prefab
  artifactKey: Guid(782ffceb74ed3aa47a2a09261607aeb2) Importer(815301076,1909f56bfc062723c751e8b465ee728b)
Start importing Assets/Prefabs/Dog_BullDog_01.prefab using Guid(782ffceb74ed3aa47a2a09261607aeb2) Importer(815301076,1909f56bfc062723c751e8b465ee728b)  -> (artifact id: '17cdf33a6de655c8a6de9bd17ad1cf87') in 0.025606 seconds 
========================================================================
Received Prepare
Registering precompiled user dll's ...
Registered in 0.005539 seconds.
Begin MonoManager ReloadAssembly
Symbol file LoadedFromMemory doesn't match image C:\Users\Alejandro\Desktop\New folder (15)\TiraPizzas Tarea 2\Library\PackageCache\com.unity.visualscripting@1.8.0\Editor\VisualScripting.Core\Dependencies\YamlDotNet\Unity.VisualScripting.YamlDotNet.dll
Symbol file LoadedFromMemory doesn't match image C:\Users\Alejandro\Desktop\New folder (15)\TiraPizzas Tarea 2\Library\PackageCache\com.unity.visualscripting@1.8.0\Editor\VisualScripting.Core\Dependencies\DotNetZip\Unity.VisualScripting.IonicZip.dll
Native extension for WindowsStandalone target not found
Native extension for Android target not found
Native extension for WebGL target not found
Refreshing native plugins compatible for Editor in 0.55 ms, found 3 plugins.
Preloading 0 native plugins for Editor in 0.00 ms.
Mono: successfully reloaded assembly
- Completed reload, in  0.790 seconds
Domain Reload Profiling:
	ReloadAssembly (790ms)
		BeginReloadAssembly (140ms)
			ExecutionOrderSort (0ms)
			DisableScriptedObjects (4ms)
			BackupInstance (0ms)
			ReleaseScriptingObjects (0ms)
			CreateAndSetChildDomain (32ms)
		EndReloadAssembly (578ms)
			LoadAssemblies (101ms)
			RebuildTransferFunctionScriptingTraits (0ms)
			SetupTypeCache (200ms)
			ReleaseScriptCaches (1ms)
			RebuildScriptCaches (31ms)
			SetupLoadedEditorAssemblies (223ms)
				LogAssemblyErrors (0ms)
				InitializePlatformSupportModulesInManaged (15ms)
				SetLoadedEditorAssemblies (0ms)
				RefreshPlugins (1ms)
				BeforeProcessingInitializeOnLoad (52ms)
				ProcessInitializeOnLoadAttributes (137ms)
				ProcessInitializeOnLoadMethodAttributes (15ms)
				AfterProcessingInitializeOnLoad (3ms)
				EditorAssembliesLoaded (0ms)
			ExecutionOrderSort2 (0ms)
			AwakeInstancesAfterBackupRestoration (6ms)
Platform modules already initialized, skipping
Refreshing native plugins compatible for Editor in 2.01 ms, found 3 plugins.
Preloading 0 native plugins for Editor in 0.00 ms.
Unloading 3048 Unused Serialized files (Serialized files now loaded: 0)
Unloading 17 unused Assets / (80.1 KB). Loaded Objects now: 3534.
Memory consumption went from 125.6 MB to 125.5 MB.
Total: 2.829400 ms (FindLiveObjects: 0.239200 ms CreateObjectMapping: 0.152200 ms MarkObjects: 2.356500 ms  DeleteObjects: 0.080800 ms)

AssetImportParameters requested are different than current active one (requested -> active):
  custom:video-decoder-ogg-theora: a1e56fd34408186e4bbccfd4996cb3dc -> 
  custom:container-muxer-webm: aa71ff27fc2769a1b78a27578f13a17b -> 
  custom:container-demuxer-webm: 4f35f7cbe854078d1ac9338744f61a02 -> 
  custom:video-encoder-webm-vp8: eb34c28f22e8b96e1ab97ce403110664 -> 
  custom:audio-encoder-webm-vorbis: bf7c407c2cedff20999df2af8eb42d56 -> 
  custom:framework-win-MediaFoundation: 216162199b28c13a410421893ffa2e32 -> 
  custom:container-demuxer-ogg: 62fdf1f143b41e24485cea50d1cbac27 -> 
  custom:video-decoder-webm-vp8: 9c59270c3fd7afecdb556c50c9e8de78 -> 
  custom:audio-decoder-ogg-vorbis: bf7c407c2cedff20999df2af8eb42d56 -> 
========================================================================
Received Import Request.
  Time since last request: 4.832013 seconds.
  path: Assets/Prefabs/Animal_Chicken_White.prefab
  artifactKey: Guid(41f220b8ad33cc24c9fc5f31777b1ce4) Importer(815301076,1909f56bfc062723c751e8b465ee728b)
Start importing Assets/Prefabs/Animal_Chicken_White.prefab using Guid(41f220b8ad33cc24c9fc5f31777b1ce4) Importer(815301076,1909f56bfc062723c751e8b465ee728b)  -> (artifact id: '00ba2333d091766444ec442d7b028277') in 0.064343 seconds 
========================================================================
Received Import Request.
  Time since last request: 11.165665 seconds.
  path: Assets/Prefabs/Animal_Cow_Brown.prefab
  artifactKey: Guid(c3c3849c591b7f3418400a5e5e3fdb98) Importer(815301076,1909f56bfc062723c751e8b465ee728b)
Start importing Assets/Prefabs/Animal_Cow_Brown.prefab using Guid(c3c3849c591b7f3418400a5e5e3fdb98) Importer(815301076,1909f56bfc062723c751e8b465ee728b)  -> (artifact id: 'f6637adf76036430723b7b8725e53a98') in 0.020067 seconds 
========================================================================
Received Import Request.
  Time since last request: 0.000023 seconds.
  path: Assets/Prefabs/Dog_BullDog_01.prefab
  artifactKey: Guid(782ffceb74ed3aa47a2a09261607aeb2) Importer(815301076,1909f56bfc062723c751e8b465ee728b)
Start importing Assets/Prefabs/Dog_BullDog_01.prefab using Guid(782ffceb74ed3aa47a2a09261607aeb2) Importer(815301076,1909f56bfc062723c751e8b465ee728b)  -> (artifact id: '0a7172b722047a6723044b63dfa6e0d0') in 0.035490 seconds 
========================================================================
Received Prepare
Registering precompiled user dll's ...
Registered in 0.006443 seconds.
Begin MonoManager ReloadAssembly
Symbol file LoadedFromMemory doesn't match image C:\Users\Alejandro\Desktop\New folder (15)\TiraPizzas Tarea 2\Library\PackageCache\com.unity.visualscripting@1.8.0\Editor\VisualScripting.Core\Dependencies\YamlDotNet\Unity.VisualScripting.YamlDotNet.dll
Symbol file LoadedFromMemory doesn't match image C:\Users\Alejandro\Desktop\New folder (15)\TiraPizzas Tarea 2\Library\PackageCache\com.unity.visualscripting@1.8.0\Editor\VisualScripting.Core\Dependencies\DotNetZip\Unity.VisualScripting.IonicZip.dll
Native extension for WindowsStandalone target not found
Native extension for Android target not found
Native extension for WebGL target not found
Refreshing native plugins compatible for Editor in 0.51 ms, found 3 plugins.
Preloading 0 native plugins for Editor in 0.00 ms.
Mono: successfully reloaded assembly
- Completed reload, in  0.767 seconds
Domain Reload Profiling:
	ReloadAssembly (767ms)
		BeginReloadAssembly (139ms)
			ExecutionOrderSort (0ms)
			DisableScriptedObjects (4ms)
			BackupInstance (0ms)
			ReleaseScriptingObjects (0ms)
			CreateAndSetChildDomain (31ms)
		EndReloadAssembly (560ms)
			LoadAssemblies (98ms)
			RebuildTransferFunctionScriptingTraits (0ms)
			SetupTypeCache (191ms)
			ReleaseScriptCaches (1ms)
			RebuildScriptCaches (31ms)
			SetupLoadedEditorAssemblies (219ms)
				LogAssemblyErrors (0ms)
				InitializePlatformSupportModulesInManaged (14ms)
				SetLoadedEditorAssemblies (0ms)
				RefreshPlugins (1ms)
				BeforeProcessingInitializeOnLoad (49ms)
				ProcessInitializeOnLoadAttributes (139ms)
				ProcessInitializeOnLoadMethodAttributes (14ms)
				AfterProcessingInitializeOnLoad (3ms)
				EditorAssembliesLoaded (0ms)
			ExecutionOrderSort2 (0ms)
			AwakeInstancesAfterBackupRestoration (5ms)
Platform modules already initialized, skipping
Refreshing native plugins compatible for Editor in 1.86 ms, found 3 plugins.
Preloading 0 native plugins for Editor in 0.00 ms.
Unloading 3048 Unused Serialized files (Serialized files now loaded: 0)
Unloading 17 unused Assets / (80.2 KB). Loaded Objects now: 3537.
Memory consumption went from 125.6 MB to 125.5 MB.
Total: 2.807200 ms (FindLiveObjects: 0.195400 ms CreateObjectMapping: 0.201900 ms MarkObjects: 2.331400 ms  DeleteObjects: 0.077800 ms)

AssetImportParameters requested are different than current active one (requested -> active):
  custom:video-decoder-ogg-theora: a1e56fd34408186e4bbccfd4996cb3dc -> 
  custom:container-muxer-webm: aa71ff27fc2769a1b78a27578f13a17b -> 
  custom:container-demuxer-webm: 4f35f7cbe854078d1ac9338744f61a02 -> 
  custom:video-encoder-webm-vp8: eb34c28f22e8b96e1ab97ce403110664 -> 
  custom:audio-encoder-webm-vorbis: bf7c407c2cedff20999df2af8eb42d56 -> 
  custom:framework-win-MediaFoundation: 216162199b28c13a410421893ffa2e32 -> 
  custom:container-demuxer-ogg: 62fdf1f143b41e24485cea50d1cbac27 -> 
  custom:video-decoder-webm-vp8: 9c59270c3fd7afecdb556c50c9e8de78 -> 
  custom:audio-decoder-ogg-vorbis: bf7c407c2cedff20999df2af8eb42d56 -> 
Editor requested this worker to shutdown with reason: Scaling down because of idle timeout
AssetImportWorker is now disconnected from the server
Process exiting
Exiting without the bug reporter. Application will terminate with return code 0